1536851358434	geckodriver	INFO	geckodriver 0.21.0
1536851358441	geckodriver	INFO	Listening on 127.0.0.1:62282
1536851359465	mozrunner::runner	INFO	Running command: "/Applications/Firefox.app/Contents/MacOS/firefox-bin" "-marionette" "-foreground" "-no-remote" "-profile" "/var/folders/s8/1f2fw7cn11z4h5mm4flnd0200000gn/T/rust_mozprofile.N2gpSeMLYblh"
2018-09-13 11:09:25.755 plugin-container[74706:26884422] Unable to find feedback application.
2018-09-13 11:09:25.764 plugin-container[74706:26884422] *** CFMessagePort: bootstrap_register(): failed 1100 (0x44c) 'Permission denied', port = 0x7543, name = 'com.apple.tsm.portname'
See /usr/include/servers/bootstrap_defs.h for the error codes.
2018-09-13 11:09:26.057 plugin-container[74707:26884460] Unable to find feedback application.
2018-09-13 11:09:26.064 plugin-container[74707:26884460] *** CFMessagePort: bootstrap_register(): failed 1100 (0x44c) 'Permission denied', port = 0x8d3f, name = 'com.apple.tsm.portname'
See /usr/include/servers/bootstrap_defs.h for the error codes.
1536851366379	Marionette	INFO	Listening on port 62301
2018-09-13 11:09:26.697 plugin-container[74708:26884563] Unable to find feedback application.
2018-09-13 11:09:26.702 plugin-container[74708:26884563] *** CFMessagePort: bootstrap_register(): failed 1100 (0x44c) 'Permission denied', port = 0x9203, name = 'com.apple.tsm.portname'
See /usr/include/servers/bootstrap_defs.h for the error codes.
1536851383427	geckodriver	INFO	geckodriver 0.21.0
1536851383432	geckodriver	INFO	Listening on 127.0.0.1:62499
1536851384442	mozrunner::runner	INFO	Running command: "/Applications/Firefox.app/Contents/MacOS/firefox-bin" "-marionette" "-foreground" "-no-remote" "-profile" "/var/folders/s8/1f2fw7cn11z4h5mm4flnd0200000gn/T/rust_mozprofile.RlifHy9TbjYI"
2018-09-13 11:09:45.604 plugin-container[74718:26885099] Unable to find feedback application.
2018-09-13 11:09:45.612 plugin-container[74718:26885099] *** CFMessagePort: bootstrap_register(): failed 1100 (0x44c) 'Permission denied', port = 0x8d43, name = 'com.apple.tsm.portname'
See /usr/include/servers/bootstrap_defs.h for the error codes.
2018-09-13 11:09:45.886 plugin-container[74719:26885120] Unable to find feedback application.
2018-09-13 11:09:45.893 plugin-container[74719:26885120] *** CFMessagePort: bootstrap_register(): failed 1100 (0x44c) 'Permission denied', port = 0x7643, name = 'com.apple.tsm.portname'
See /usr/include/servers/bootstrap_defs.h for the error codes.
1536851386165	Marionette	INFO	Listening on port 62518
1536851386181	Marionette	WARN	TLS certificate errors will be ignored for this session
1536851386232	Marionette	DEBUG	[4294967297] Frame script loaded
1536851386234	Marionette	DEBUG	[4294967297] Frame script registered
1536851386260	Marionette	DEBUG	[4294967297] Received DOM event beforeunload for about:blank
2018-09-13 11:09:46.746 plugin-container[74722:26885246] Unable to find feedback application.
2018-09-13 11:09:46.756 plugin-container[74722:26885246] *** CFMessagePort: bootstrap_register(): failed 1100 (0x44c) 'Permission denied', port = 0x7503, name = 'com.apple.tsm.portname'
See /usr/include/servers/bootstrap_defs.h for the error codes.
1536851389541	Marionette	DEBUG	[4294967297] Received DOM event pagehide for about:blank
1536851391404	Marionette	DEBUG	[4294967297] Received observer notification outer-window-destroyed for 4294967301
1536851391953	Marionette	DEBUG	[4294967297] Received DOM event DOMContentLoaded for https://academic.oup.com/nar/article/45/D1/iii/2770639
1536851394569	Marionette	DEBUG	[4294967297] Received DOM event pageshow for https://academic.oup.com/nar/article/45/D1/iii/2770639
1536851424246	geckodriver	INFO	geckodriver 0.21.0
1536851424251	geckodriver	INFO	Listening on 127.0.0.1:62888
1536851425267	mozrunner::runner	INFO	Running command: "/Applications/Firefox.app/Contents/MacOS/firefox-bin" "-marionette" "-foreground" "-no-remote" "-profile" "/var/folders/s8/1f2fw7cn11z4h5mm4flnd0200000gn/T/rust_mozprofile.WMB1sJ03757B"
2018-09-13 11:10:26.506 plugin-container[74743:26885995] Unable to find feedback application.
2018-09-13 11:10:26.513 plugin-container[74743:26885995] *** CFMessagePort: bootstrap_register(): failed 1100 (0x44c) 'Permission denied', port = 0x8d03, name = 'com.apple.tsm.portname'
See /usr/include/servers/bootstrap_defs.h for the error codes.
2018-09-13 11:10:26.789 plugin-container[74744:26886017] Unable to find feedback application.
2018-09-13 11:10:26.795 plugin-container[74744:26886017] *** CFMessagePort: bootstrap_register(): failed 1100 (0x44c) 'Permission denied', port = 0x8443, name = 'com.apple.tsm.portname'
See /usr/include/servers/bootstrap_defs.h for the error codes.
1536851427004	Marionette	INFO	Listening on port 62905
1536851427024	Marionette	WARN	TLS certificate errors will be ignored for this session
1536851427065	Marionette	DEBUG	[4294967297] Frame script loaded
1536851427066	Marionette	DEBUG	[4294967297] Frame script registered
1536851427084	Marionette	DEBUG	[4294967297] Received DOM event beforeunload for about:blank
2018-09-13 11:10:27.530 plugin-container[74745:26886131] Unable to find feedback application.
2018-09-13 11:10:27.536 plugin-container[74745:26886131] *** CFMessagePort: bootstrap_register(): failed 1100 (0x44c) 'Permission denied', port = 0x8607, name = 'com.apple.tsm.portname'
See /usr/include/servers/bootstrap_defs.h for the error codes.
1536851427976	Marionette	DEBUG	[4294967297] Received DOM event pagehide for about:blank
1536851435514	Marionette	DEBUG	[4294967297] Received observer notification outer-window-destroyed for 4294967301
1536851435784	Marionette	DEBUG	[4294967297] Received DOM event DOMContentLoaded for https://academic.oup.com/nar/article/45/D1/iii/2770639
1536851436954	Marionette	DEBUG	[4294967297] Received DOM event pageshow for https://academic.oup.com/nar/article/45/D1/iii/2770639
1536851488857	geckodriver	INFO	geckodriver 0.21.0
1536851488862	geckodriver	INFO	Listening on 127.0.0.1:63486
1536851489874	mozrunner::runner	INFO	Running command: "/Applications/Firefox.app/Contents/MacOS/firefox-bin" "-marionette" "-foreground" "-no-remote" "-profile" "/var/folders/s8/1f2fw7cn11z4h5mm4flnd0200000gn/T/rust_mozprofile.3xJ1jiopCapa"
2018-09-13 11:11:31.102 plugin-container[74767:26887313] Unable to find feedback application.
2018-09-13 11:11:31.109 plugin-container[74767:26887313] *** CFMessagePort: bootstrap_register(): failed 1100 (0x44c) 'Permission denied', port = 0x733f, name = 'com.apple.tsm.portname'
See /usr/include/servers/bootstrap_defs.h for the error codes.
2018-09-13 11:11:31.396 plugin-container[74768:26887443] Unable to find feedback application.
2018-09-13 11:11:31.402 plugin-container[74768:26887443] *** CFMessagePort: bootstrap_register(): failed 1100 (0x44c) 'Permission denied', port = 0x743f, name = 'com.apple.tsm.portname'
See /usr/include/servers/bootstrap_defs.h for the error codes.
1536851491663	Marionette	INFO	Listening on port 63507
1536851491730	Marionette	WARN	TLS certificate errors will be ignored for this session
1536851491780	Marionette	DEBUG	[4294967297] Frame script loaded
1536851491785	Marionette	DEBUG	[4294967297] Frame script registered
1536851491808	Marionette	DEBUG	[4294967297] Received DOM event beforeunload for about:blank
2018-09-13 11:11:32.191 plugin-container[74769:26887570] Unable to find feedback application.
2018-09-13 11:11:32.200 plugin-container[74769:26887570] *** CFMessagePort: bootstrap_register(): failed 1100 (0x44c) 'Permission denied', port = 0x8b3f, name = 'com.apple.tsm.portname'
See /usr/include/servers/bootstrap_defs.h for the error codes.
1536851493006	Marionette	DEBUG	[4294967297] Received DOM event pagehide for about:blank
1536851498956	Marionette	DEBUG	[4294967297] Received observer notification outer-window-destroyed for 4294967301
1536851498962	Marionette	DEBUG	[4294967297] Received DOM event DOMContentLoaded for https://academic.oup.com/nar/article/45/D1/iii/2770639
1536851500904	Marionette	DEBUG	[4294967297] Received DOM event pageshow for https://academic.oup.com/nar/article/45/D1/iii/2770639
1536851728179	geckodriver	INFO	geckodriver 0.21.0
1536851728184	geckodriver	INFO	Listening on 127.0.0.1:65321
1536851729198	mozrunner::runner	INFO	Running command: "/Applications/Firefox.app/Contents/MacOS/firefox-bin" "-marionette" "-foreground" "-no-remote" "-profile" "/var/folders/s8/1f2fw7cn11z4h5mm4flnd0200000gn/T/rust_mozprofile.2QxGxJqfFnYo"
2018-09-13 11:15:30.622 plugin-container[74820:26892034] Unable to find feedback application.
2018-09-13 11:15:30.632 plugin-container[74820:26892034] *** CFMessagePort: bootstrap_register(): failed 1100 (0x44c) 'Permission denied', port = 0x8d3b, name = 'com.apple.tsm.portname'
See /usr/include/servers/bootstrap_defs.h for the error codes.
2018-09-13 11:15:31.026 plugin-container[74821:26892059] Unable to find feedback application.
2018-09-13 11:15:31.034 plugin-container[74821:26892059] *** CFMessagePort: bootstrap_register(): failed 1100 (0x44c) 'Permission denied', port = 0x6e43, name = 'com.apple.tsm.portname'
See /usr/include/servers/bootstrap_defs.h for the error codes.
1536851731271	Marionette	INFO	Listening on port 65338
1536851731298	Marionette	WARN	TLS certificate errors will be ignored for this session
1536851731346	Marionette	DEBUG	[4294967297] Frame script loaded
1536851731347	Marionette	DEBUG	[4294967297] Frame script registered
1536851731372	Marionette	DEBUG	[4294967297] Received DOM event beforeunload for about:blank
2018-09-13 11:15:31.745 plugin-container[74822:26892169] Unable to find feedback application.
2018-09-13 11:15:31.750 plugin-container[74822:26892169] *** CFMessagePort: bootstrap_register(): failed 1100 (0x44c) 'Permission denied', port = 0x8903, name = 'com.apple.tsm.portname'
See /usr/include/servers/bootstrap_defs.h for the error codes.
1536851733602	Marionette	DEBUG	[4294967297] Received DOM event pagehide for about:blank
1536851743394	Marionette	DEBUG	[4294967297] Received observer notification outer-window-destroyed for 4294967301
1536851743993	Marionette	DEBUG	[4294967297] Received DOM event DOMContentLoaded for https://academic.oup.com/nar/article/45/D1/D1090/2770662
1536851745451	Marionette	DEBUG	[4294967297] Received DOM event pageshow for https://academic.oup.com/nar/article/45/D1/D1090/2770662
1536851748564	Marionette	DEBUG	[6442450945] Frame script loaded
1536851748588	Marionette	DEBUG	[6442450945] Frame script registered
1536851748631	Marionette	DEBUG	[6442450947] Frame script loaded
1536851748632	Marionette	DEBUG	[6442450947] Frame script registered
2018-09-13 11:15:50.071 plugin-container[74830:26892648] Unable to find feedback application.
2018-09-13 11:15:50.085 plugin-container[74830:26892648] *** CFMessagePort: bootstrap_register(): failed 1100 (0x44c) 'Permission denied', port = 0x8e07, name = 'com.apple.tsm.portname'
See /usr/include/servers/bootstrap_defs.h for the error codes.
1536851750133	Marionette	DEBUG	[6442450951] Frame script loaded
1536851750196	Marionette	DEBUG	[6442450951] Frame script registered
1536851751511	Marionette	DEBUG	[6442450954] Frame script loaded
1536851751513	Marionette	DEBUG	[6442450954] Frame script registered
1536851752024	Marionette	DEBUG	[6442450957] Frame script loaded
1536851752025	Marionette	DEBUG	[6442450957] Frame script registered
1536851752457	Marionette	DEBUG	[6442450960] Frame script loaded
1536851752458	Marionette	DEBUG	[6442450960] Frame script registered
1536851752907	Marionette	DEBUG	[6442450963] Frame script loaded
1536851752907	Marionette	DEBUG	[6442450963] Frame script registered
1536851753109	Marionette	DEBUG	[6442450966] Frame script loaded
1536851753110	Marionette	DEBUG	[6442450966] Frame script registered
1536851753624	Marionette	DEBUG	[6442450969] Frame script loaded
1536851753624	Marionette	DEBUG	[6442450969] Frame script registered
1536851753911	Marionette	DEBUG	[6442450972] Frame script loaded
1536851753911	Marionette	DEBUG	[6442450972] Frame script registered
1536851754865	Marionette	DEBUG	[6442450975] Frame script loaded
1536851754866	Marionette	DEBUG	[6442450975] Frame script registered
1536851755671	Marionette	INFO	Stopped listening on port 65338
1536851757420	Marionette	INFO	Stopped listening on port 63507
1536851787673	geckodriver	INFO	geckodriver 0.21.0
1536851787677	geckodriver	INFO	Listening on 127.0.0.1:49473
1536851788691	mozrunner::runner	INFO	Running command: "/Applications/Firefox.app/Contents/MacOS/firefox-bin" "-marionette" "-foreground" "-no-remote" "-profile" "/var/folders/s8/1f2fw7cn11z4h5mm4flnd0200000gn/T/rust_mozprofile.uCKNbdETggnt"
2018-09-13 11:16:29.858 plugin-container[74841:26893461] Unable to find feedback application.
2018-09-13 11:16:29.865 plugin-container[74841:26893461] *** CFMessagePort: bootstrap_register(): failed 1100 (0x44c) 'Permission denied', port = 0x8c03, name = 'com.apple.tsm.portname'
See /usr/include/servers/bootstrap_defs.h for the error codes.
2018-09-13 11:16:30.119 plugin-container[74842:26893495] Unable to find feedback application.
2018-09-13 11:16:30.125 plugin-container[74842:26893495] *** CFMessagePort: bootstrap_register(): failed 1100 (0x44c) 'Permission denied', port = 0x8943, name = 'com.apple.tsm.portname'
See /usr/include/servers/bootstrap_defs.h for the error codes.
1536851790334	Marionette	INFO	Listening on port 49492
1536851790357	Marionette	WARN	TLS certificate errors will be ignored for this session
1536851790398	Marionette	DEBUG	[4294967297] Frame script loaded
1536851790400	Marionette	DEBUG	[4294967297] Frame script registered
1536851790414	Marionette	DEBUG	[4294967297] Received DOM event beforeunload for about:blank
2018-09-13 11:16:30.850 plugin-container[74843:26893620] Unable to find feedback application.
2018-09-13 11:16:30.860 plugin-container[74843:26893620] *** CFMessagePort: bootstrap_register(): failed 1100 (0x44c) 'Permission denied', port = 0x763f, name = 'com.apple.tsm.portname'
See /usr/include/servers/bootstrap_defs.h for the error codes.
1536851792705	Marionette	DEBUG	[4294967297] Received DOM event pagehide for about:blank
1536851795105	Marionette	DEBUG	[4294967297] Received observer notification outer-window-destroyed for 4294967301
1536851795106	Marionette	DEBUG	[4294967297] Received DOM event DOMContentLoaded for https://academic.oup.com/nar/article/45/D1/D1090/2770662
1536851796598	Marionette	DEBUG	[4294967297] Received DOM event pageshow for https://academic.oup.com/nar/article/45/D1/D1090/2770662
1536852006911	geckodriver	INFO	geckodriver 0.21.0
1536852006916	geckodriver	INFO	Listening on 127.0.0.1:51166
1536852007935	mozrunner::runner	INFO	Running command: "/Applications/Firefox.app/Contents/MacOS/firefox-bin" "-marionette" "-foreground" "-no-remote" "-profile" "/var/folders/s8/1f2fw7cn11z4h5mm4flnd0200000gn/T/rust_mozprofile.YlLmlxlNNLlo"
2018-09-13 11:20:09.177 plugin-container[74882:26897088] Unable to find feedback application.
2018-09-13 11:20:09.187 plugin-container[74882:26897088] *** CFMessagePort: bootstrap_register(): failed 1100 (0x44c) 'Permission denied', port = 0x8903, name = 'com.apple.tsm.portname'
See /usr/include/servers/bootstrap_defs.h for the error codes.
2018-09-13 11:20:09.547 plugin-container[74883:26897126] Unable to find feedback application.
2018-09-13 11:20:09.557 plugin-container[74883:26897126] *** CFMessagePort: bootstrap_register(): failed 1100 (0x44c) 'Permission denied', port = 0x743b, name = 'com.apple.tsm.portname'
See /usr/include/servers/bootstrap_defs.h for the error codes.
1536852009838	Marionette	INFO	Listening on port 51185
1536852009912	Marionette	WARN	TLS certificate errors will be ignored for this session
1536852009947	Marionette	DEBUG	[4294967297] Frame script loaded
1536852009977	Marionette	DEBUG	[4294967297] Frame script registered
1536852010010	Marionette	DEBUG	[4294967297] Received DOM event beforeunload for about:blank
2018-09-13 11:20:10.205 plugin-container[74885:26897235] Unable to find feedback application.
2018-09-13 11:20:10.216 plugin-container[74885:26897235] *** CFMessagePort: bootstrap_register(): failed 1100 (0x44c) 'Permission denied', port = 0x8e43, name = 'com.apple.tsm.portname'
See /usr/include/servers/bootstrap_defs.h for the error codes.
1536852011153	Marionette	DEBUG	[4294967297] Received DOM event pagehide for about:blank
1536852019050	Marionette	DEBUG	[4294967297] Received observer notification outer-window-destroyed for 4294967305
1536852019052	Marionette	DEBUG	[4294967297] Received DOM event DOMContentLoaded for https://academic.oup.com/nar/article/45/D1/D1090/2770662
1536852020131	Marionette	DEBUG	[4294967297] Received DOM event pageshow for https://academic.oup.com/nar/article/45/D1/D1090/2770662
1536852028602	Marionette	DEBUG	[6442450945] Frame script loaded
1536852028623	Marionette	DEBUG	[6442450945] Frame script registered
1536852028662	Marionette	DEBUG	[6442450947] Frame script loaded
1536852028662	Marionette	DEBUG	[6442450947] Frame script registered
1536852029598	Marionette	DEBUG	[6442450951] Frame script loaded
1536852029600	Marionette	DEBUG	[6442450951] Frame script registered
2018-09-13 11:20:30.024 plugin-container[74893:26897620] Unable to find feedback application.
2018-09-13 11:20:30.035 plugin-container[74893:26897620] *** CFMessagePort: bootstrap_register(): failed 1100 (0x44c) 'Permission denied', port = 0x703f, name = 'com.apple.tsm.portname'
See /usr/include/servers/bootstrap_defs.h for the error codes.
1536852030305	Marionette	DEBUG	[6442450954] Frame script loaded
1536852030306	Marionette	DEBUG	[6442450954] Frame script registered
1536852030716	Marionette	DEBUG	[6442450957] Frame script loaded
1536852030717	Marionette	DEBUG	[6442450957] Frame script registered
1536852030959	Marionette	DEBUG	[6442450960] Frame script loaded
1536852030960	Marionette	DEBUG	[6442450960] Frame script registered
1536852031332	Marionette	DEBUG	[6442450963] Frame script loaded
1536852031333	Marionette	DEBUG	[6442450963] Frame script registered
1536852031603	Marionette	DEBUG	[6442450966] Frame script loaded
1536852031604	Marionette	DEBUG	[6442450966] Frame script registered
1536852031722	Marionette	DEBUG	[6442450968] Frame script loaded
1536852031723	Marionette	DEBUG	[6442450968] Frame script registered
1536852033137	Marionette	INFO	Stopped listening on port 51185
1536852065017	geckodriver	INFO	geckodriver 0.21.0
1536852065022	geckodriver	INFO	Listening on 127.0.0.1:51682
1536852066037	mozrunner::runner	INFO	Running command: "/Applications/Firefox.app/Contents/MacOS/firefox-bin" "-marionette" "-foreground" "-no-remote" "-profile" "/var/folders/s8/1f2fw7cn11z4h5mm4flnd0200000gn/T/rust_mozprofile.66c8zMGZIBmm"
2018-09-13 11:21:07.166 plugin-container[74903:26898448] Unable to find feedback application.
2018-09-13 11:21:07.173 plugin-container[74903:26898448] *** CFMessagePort: bootstrap_register(): failed 1100 (0x44c) 'Permission denied', port = 0x8907, name = 'com.apple.tsm.portname'
See /usr/include/servers/bootstrap_defs.h for the error codes.
2018-09-13 11:21:07.433 plugin-container[74904:26898473] Unable to find feedback application.
2018-09-13 11:21:07.438 plugin-container[74904:26898473] *** CFMessagePort: bootstrap_register(): failed 1100 (0x44c) 'Permission denied', port = 0x863f, name = 'com.apple.tsm.portname'
See /usr/include/servers/bootstrap_defs.h for the error codes.
1536852067643	Marionette	INFO	Listening on port 51701
1536852067699	Marionette	WARN	TLS certificate errors will be ignored for this session
1536852067740	Marionette	DEBUG	[4294967297] Frame script loaded
1536852067741	Marionette	DEBUG	[4294967297] Frame script registered
1536852067758	Marionette	DEBUG	[4294967297] Received DOM event beforeunload for about:blank
2018-09-13 11:21:08.196 plugin-container[74905:26898590] Unable to find feedback application.
2018-09-13 11:21:08.206 plugin-container[74905:26898590] *** CFMessagePort: bootstrap_register(): failed 1100 (0x44c) 'Permission denied', port = 0x8d37, name = 'com.apple.tsm.portname'
See /usr/include/servers/bootstrap_defs.h for the error codes.
1536852068907	Marionette	DEBUG	[4294967297] Received DOM event pagehide for about:blank
1536852074904	Marionette	DEBUG	[4294967297] Received observer notification outer-window-destroyed for 4294967301
1536852074911	Marionette	DEBUG	[4294967297] Received DOM event DOMContentLoaded for https://academic.oup.com/nar/article/45/D1/D1090/2770662
1536852076258	Marionette	DEBUG	[4294967297] Received DOM event pageshow for https://academic.oup.com/nar/article/45/D1/D1090/2770662
1536852078026	Marionette	DEBUG	[6442450945] Frame script loaded
1536852078028	Marionette	DEBUG	[6442450945] Frame script registered
1536852078080	Marionette	DEBUG	[6442450947] Frame script loaded
1536852078080	Marionette	DEBUG	[6442450947] Frame script registered
2018-09-13 11:21:19.344 plugin-container[74912:26898886] Unable to find feedback application.
2018-09-13 11:21:19.351 plugin-container[74912:26898886] *** CFMessagePort: bootstrap_register(): failed 1100 (0x44c) 'Permission denied', port = 0x8843, name = 'com.apple.tsm.portname'
See /usr/include/servers/bootstrap_defs.h for the error codes.
1536852092949	geckodriver	INFO	geckodriver 0.21.0
1536852092954	geckodriver	INFO	Listening on 127.0.0.1:51975
1536852093966	mozrunner::runner	INFO	Running command: "/Applications/Firefox.app/Contents/MacOS/firefox-bin" "-marionette" "-foreground" "-no-remote" "-profile" "/var/folders/s8/1f2fw7cn11z4h5mm4flnd0200000gn/T/rust_mozprofile.II7PmSGgQ9nh"
2018-09-13 11:21:35.182 plugin-container[74922:26899247] Unable to find feedback application.
2018-09-13 11:21:35.190 plugin-container[74922:26899247] *** CFMessagePort: bootstrap_register(): failed 1100 (0x44c) 'Permission denied', port = 0x743f, name = 'com.apple.tsm.portname'
See /usr/include/servers/bootstrap_defs.h for the error codes.
2018-09-13 11:21:35.451 plugin-container[74923:26899271] Unable to find feedback application.
2018-09-13 11:21:35.457 plugin-container[74923:26899271] *** CFMessagePort: bootstrap_register(): failed 1100 (0x44c) 'Permission denied', port = 0x813f, name = 'com.apple.tsm.portname'
See /usr/include/servers/bootstrap_defs.h for the error codes.
1536852095675	Marionette	INFO	Listening on port 51992
1536852095718	Marionette	WARN	TLS certificate errors will be ignored for this session
1536852095765	Marionette	DEBUG	[4294967297] Frame script loaded
1536852095766	Marionette	DEBUG	[4294967297] Frame script registered
1536852095786	Marionette	DEBUG	[4294967297] Received DOM event beforeunload for about:blank
2018-09-13 11:21:36.210 plugin-container[74924:26899384] Unable to find feedback application.
2018-09-13 11:21:36.216 plugin-container[74924:26899384] *** CFMessagePort: bootstrap_register(): failed 1100 (0x44c) 'Permission denied', port = 0x7143, name = 'com.apple.tsm.portname'
See /usr/include/servers/bootstrap_defs.h for the error codes.
1536852097644	Marionette	DEBUG	[4294967297] Received DOM event pagehide for about:blank
1536852104027	Marionette	DEBUG	[4294967297] Received observer notification outer-window-destroyed for 4294967301
1536852104032	Marionette	DEBUG	[4294967297] Received DOM event DOMContentLoaded for https://academic.oup.com/nar/article/45/D1/D1090/2770662
1536852105027	Marionette	DEBUG	[4294967297] Received DOM event beforeunload for https://academic.oup.com/nar/article/45/D1/D1090/2770662
1536852105075	Marionette	DEBUG	[4294967297] Received DOM event unload for https://academic.oup.com/nar/article/45/D1/D1090/2770662
1536852105093	Marionette	DEBUG	[4294967297] Received observer notification outer-window-destroyed for 4294967307
1536852105093	Marionette	DEBUG	[4294967297] Received observer notification outer-window-destroyed for 4294967308
1536852105094	Marionette	DEBUG	[4294967297] Received observer notification outer-window-destroyed for 4294967309
1536852105094	Marionette	DEBUG	[4294967297] Received observer notification outer-window-destroyed for 4294967306
1536852105094	Marionette	DEBUG	[4294967297] Received observer notification outer-window-destroyed for 4294967303
1536852105095	Marionette	DEBUG	[4294967297] Received observer notification outer-window-destroyed for 4294967297
2018-09-13 14:34:31.082 plugin-container[76841:27049508] Unable to find feedback application.
2018-09-13 14:34:31.090 plugin-container[76841:27049508] *** CFMessagePort: bootstrap_register(): failed 1100 (0x44c) 'Permission denied', port = 0x6f3f, name = 'com.apple.tsm.portname'
See /usr/include/servers/bootstrap_defs.h for the error codes.
1536863672146	Marionette	INFO	Stopped listening on port 62518
2018-09-13 14:34:33.942 plugin-container[76842:27049634] Unable to find feedback application.
2018-09-13 14:34:33.949 plugin-container[76842:27049634] *** CFMessagePort: bootstrap_register(): failed 1100 (0x44c) 'Permission denied', port = 0x9237, name = 'com.apple.tsm.portname'
See /usr/include/servers/bootstrap_defs.h for the error codes.
1536863674702	Marionette	INFO	Stopped listening on port 62301
2018-09-13 14:34:36.062 plugin-container[76844:27049703] Unable to find feedback application.
2018-09-13 14:34:36.067 plugin-container[76844:27049703] *** CFMessagePort: bootstrap_register(): failed 1100 (0x44c) 'Permission denied', port = 0x8743, name = 'com.apple.tsm.portname'
See /usr/include/servers/bootstrap_defs.h for the error codes.
1536863676599	Marionette	INFO	Stopped listening on port 62905
1536863679039	Marionette	INFO	Stopped listening on port 51701
2018-09-13 14:34:40.677 plugin-container[76845:27049797] Unable to find feedback application.
2018-09-13 14:34:40.682 plugin-container[76845:27049797] *** CFMessagePort: bootstrap_register(): failed 1100 (0x44c) 'Permission denied', port = 0x8f07, name = 'com.apple.tsm.portname'
See /usr/include/servers/bootstrap_defs.h for the error codes.
1536863681147	Marionette	INFO	Stopped listening on port 51992
2018-09-13 14:34:42.623 plugin-container[76846:27049893] Unable to find feedback application.
2018-09-13 14:34:42.628 plugin-container[76846:27049893] *** CFMessagePort: bootstrap_register(): failed 1100 (0x44c) 'Permission denied', port = 0x703f, name = 'com.apple.tsm.portname'
See /usr/include/servers/bootstrap_defs.h for the error codes.
1536863683411	Marionette	INFO	Stopped listening on port 49492
